<?xml version="1.0" encoding="UTF-8" standalone="no"?>
<testsuite errors="0" failures="0" name="io.cucumber.core.plugin.JUnitFormatter" skipped="0" tests="1" time="0.298">
    <testcase classname="feature to test login functionality" name="Check login is successful" time="0.088">
        <system-out><![CDATA[Given user is on login page.................................................passed
When user enters username and password......................................passed
And click on login button...................................................passed
Then user is navigate to home page..........................................passed
]]></system-out>
    </testcase>
</testsuite>
